<?xml version="1.0" encoding="UTF-8"?>
<testng-results ignored="0" total="1" passed="1" failed="0" skipped="0">
  <reporter-output>
  </reporter-output>
  <suite started-at="2024-06-08T19:37:18 ICT" name="Register" finished-at="2024-06-08T19:37:21 ICT" duration-ms="2752">
    <groups>
    </groups>
    <test started-at="2024-06-08T19:37:18 ICT" name="TestOnChrome" finished-at="2024-06-08T19:37:21 ICT" duration-ms="2752">
      <class name="tests.LoginTest">
        <test-method is-config="true" signature="openBrowser(java.lang.String)[pri:0, instance:tests.LoginTest@d5b810e]" started-at="2024-06-08T19:37:18 ICT" name="openBrowser" finished-at="2024-06-08T19:37:20 ICT" duration-ms="2243" status="PASS">
          <params>
            <param index="0">
              <value>
                <![CDATA[chrome]]>
              </value>
            </param>
          </params>
          <reporter-output>
          </reporter-output>
        </test-method> <!-- openBrowser -->
        <test-method signature="LoginSuccessfully()[pri:0, instance:tests.LoginTest@d5b810e]" started-at="2024-06-08T19:37:20 ICT" name="LoginSuccessfully" finished-at="2024-06-08T19:37:21 ICT" duration-ms="473" status="PASS">
          <reporter-output>
          </reporter-output>
        </test-method> <!-- LoginSuccessfully -->
      </class> <!-- tests.LoginTest -->
    </test> <!-- TestOnChrome -->
  </suite> <!-- Register -->
</testng-results>
